2022-02-07T17:19:10.938Z - ApproveTokenForDex: matic - Sushiswap - 0xd6df932a45c0f255f85145f286ea0b292b21c90b --- Hash: 0xddec701e3d46ca26bf37d5ce47918aeee807cffadda7c57030aa9e4e11d0602a
2022-02-07T18:51:21.959Z - ApproveTokenForDex: matic - Sushiswap - 0xd6df932a45c0f255f85145f286ea0b292b21c90b --- Hash: 0x3662051e442ae4439820cc5b9d450023f433b4c8d045a08a9aeee4e76228ad7a
2022-02-07T19:00:14.159Z - ApproveTokenForDex: matic - Sushiswap - 0xd6df932a45c0f255f85145f286ea0b292b21c90b --- Hash: 0xc5da67a5a9d72930ed873b1b2864e784a2b26544b9bd644bd5613afc442ec8e9
2022-02-07T19:10:58.874Z - ApproveTokenForDex: matic - Uniswap - 0xd6df932a45c0f255f85145f286ea0b292b21c90b --- Hash: 0xb0fdfc09ae43d6f2b7795f946df39982d382b18db567870b5a29c07e5c149b58
2022-02-07T19:30:06.317Z - ApproveTokenForDex: matic - Uniswap - 0xd6df932a45c0f255f85145f286ea0b292b21c90b --- Hash: 0xf7f7752084df7580988f1e7bb33a317fca53f55ed06d432de212c2d900a82631
2022-02-10T20:17:01.351Z - ApproveTokenForDex: matic - Uniswap - 0x7ceb23fd6bc0add59e62ac25578270cff1b9f619 --- Hash: 0x988a41444a7117dc375f8b688dd04ed9e53625a3ba4b119860a160a861cc028e
2022-02-23T21:26:18.011Z - UNI_UncheckedTrade: Pool: 0x45dda9cb7c25131df268515131f647d726f50608 - t0: 0x7ceb23fd6bc0add59e62ac25578270cff1b9f619 - t1: 0x2791bca1f2de4661ed88a30c99a7a9449aa84174 - amountIn: 1000000000000000 --- Hash: 0x25079d0a965defcf2a9e6b105bd01bbbf643985c1785f2da584a13ac451b76a8
2022-02-23T21:29:49.505Z - UNI_UncheckedTrade: Pool: 0x45dda9cb7c25131df268515131f647d726f50608 - t0: 0x7ceb23fd6bc0add59e62ac25578270cff1b9f619 - t1: 0x2791bca1f2de4661ed88a30c99a7a9449aa84174 - amountIn: 1000000000000000 --- Hash: 0x4d342b4dc5413f9d6e664a45769a72407e6a3c4cf61824ce6650f0f9ba29e7f1
2022-02-23T21:35:04.927Z - UNI_UncheckedTrade: Pool: 0x45dda9cb7c25131df268515131f647d726f50608 - t0: 0x7ceb23fd6bc0add59e62ac25578270cff1b9f619 - t1: 0x2791bca1f2de4661ed88a30c99a7a9449aa84174 - amountIn: 1000000000000000 --- Hash: 0x5768ba8073fe3eeb5215ef1c3f3c94a559bd4442324c52b158019ffe58441186
2022-02-23T21:37:36.224Z - UNI_UncheckedTrade: Pool: 0x45dda9cb7c25131df268515131f647d726f50608 - t0: 0x7ceb23fd6bc0add59e62ac25578270cff1b9f619 - t1: 0x2791bca1f2de4661ed88a30c99a7a9449aa84174 - amountIn: 1000000000000000 --- Hash: 0x0075577735311b055caa312636c85c123f6b1af201c73ba67e658ee85b2d1504
2022-02-23T21:46:14.452Z - UNI_UncheckedTrade: Pool: 0x45dda9cb7c25131df268515131f647d726f50608 - t0: 0x2791bca1f2de4661ed88a30c99a7a9449aa84174 - t1: 0x7ceb23fd6bc0add59e62ac25578270cff1b9f619 - amountIn: 2600000 --- Hash: 0xaa725c29e182b18a873c39fab7e75e42e891fa1f463fb31446ba6c0483f3b9bf
2022-02-23T21:46:38.313Z - UNI_UncheckedTrade: Pool: 0x45dda9cb7c25131df268515131f647d726f50608 - t0: 0x7ceb23fd6bc0add59e62ac25578270cff1b9f619 - t1: 0x2791bca1f2de4661ed88a30c99a7a9449aa84174 - amountIn: 1000000000000000 --- Hash: 0x3002b5579cbf42840edf212c838ee5d06bc1a99f9caa6eee6799c3a62fd1b24a
2022-02-23T21:50:23.713Z - UNI_UncheckedTrade: Pool: 0x45dda9cb7c25131df268515131f647d726f50608 - t0: 0x2791bca1f2de4661ed88a30c99a7a9449aa84174 - t1: 0x7ceb23fd6bc0add59e62ac25578270cff1b9f619 - amountIn: 2600000 --- Hash: 0x725bbfae988e73d6dff8cb10d2f6916dc93e43992e023e9c825714c988796c97
2022-02-23T21:50:36.105Z - UNI_UncheckedTrade: Pool: 0x45dda9cb7c25131df268515131f647d726f50608 - t0: 0x7ceb23fd6bc0add59e62ac25578270cff1b9f619 - t1: 0x2791bca1f2de4661ed88a30c99a7a9449aa84174 - amountIn: 1000000000000000 --- Hash: 0x51a32d87516822ccdfe06a195c0d2bf3367e12766a1dcf425527b637b55086f0
2022-02-23T22:06:22.988Z - UNI_UncheckedTrade: Pool: 0x45dda9cb7c25131df268515131f647d726f50608 - t0: 0x2791bca1f2de4661ed88a30c99a7a9449aa84174 - t1: 0x7ceb23fd6bc0add59e62ac25578270cff1b9f619 - amountIn: 2600000 --- Hash: 0x56d13a24752869c089fe4a1503eef77577fd86615c4a476588a5ae079c3e429e
2022-02-23T22:06:47.606Z - UNI_UncheckedTrade: Pool: 0x45dda9cb7c25131df268515131f647d726f50608 - t0: 0x7ceb23fd6bc0add59e62ac25578270cff1b9f619 - t1: 0x2791bca1f2de4661ed88a30c99a7a9449aa84174 - amountIn: 1000000000000000 --- Hash: 0xa49673da9ba649ab1fa156d9ff61c20334ece892ffbb79911475570295b4e9b5
2022-02-24T19:43:36.923Z - UNI_UncheckedTrade: Pool: 0x45dda9cb7c25131df268515131f647d726f50608 - t0: 0x7ceb23fd6bc0add59e62ac25578270cff1b9f619 - t1: 0x2791bca1f2de4661ed88a30c99a7a9449aa84174 - amountIn: 1000000000000000 --- Hash: 0x4af5848d3e0edd8dbef416e9fa0cb1ae30b3da069ab858d0d8a7d03b256a558d
2022-02-24T19:49:38.965Z - UNI_UncheckedTrade: Pool: 0x45dda9cb7c25131df268515131f647d726f50608 - t0: 0x7ceb23fd6bc0add59e62ac25578270cff1b9f619 - t1: 0x2791bca1f2de4661ed88a30c99a7a9449aa84174 - amountIn: 1000000000000000 --- Hash: 0x52e2c05d156c922363ffde5183bde0cd5407b185ac89f8f03d96734be50b80cb
2022-02-24T21:29:22.662Z - UNI_ExactInputSingleTrade: Pool: 0x45dda9cb7c25131df268515131f647d726f50608 - t0: 0x7ceb23fd6bc0add59e62ac25578270cff1b9f619 - t1: 0x2791bca1f2de4661ed88a30c99a7a9449aa84174 - amountIn: 1000000000000000 --- Hash: 0xdfc40482ba2808ca070f7bf7e5f5a0e07d7f57de8fb9b53d64a0562ee8486676
2022-02-24T21:35:41.929Z - UNI_ExactInputSingleTrade: Pool: 0x45dda9cb7c25131df268515131f647d726f50608 - t0: 0x7ceb23fd6bc0add59e62ac25578270cff1b9f619 - t1: 0x2791bca1f2de4661ed88a30c99a7a9449aa84174 - amountIn: 1000000000000000 --- Hash: 0x1d2eab47bfa0527aa4450447383587d198704df652e27c2c9dd194c1bbd0481d
2022-02-24T21:47:33.329Z - UNI_ExactInputSingleTrade: Pool: 0x45dda9cb7c25131df268515131f647d726f50608 - t0: 0x7ceb23fd6bc0add59e62ac25578270cff1b9f619 - t1: 0x2791bca1f2de4661ed88a30c99a7a9449aa84174 - amountIn: 1000000000000000 --- Hash: 0xc4b935b46737ee6f73529f5081a63322c951317231aafd8e41aa3b874e33ecce
2022-02-24T21:53:15.381Z - UNI_ExactInputSingleTrade: Pool: 0x45dda9cb7c25131df268515131f647d726f50608 - t0: 0x7ceb23fd6bc0add59e62ac25578270cff1b9f619 - t1: 0x2791bca1f2de4661ed88a30c99a7a9449aa84174 - amountIn: 1000000000000000 --- Hash: 0xca4c391a74f4c746622ffa1829b77003953b9daceeb4421c13183cc106b85180
2022-02-24T22:01:15.693Z - UNI_ExactInputSingleTrade: Pool: 0x45dda9cb7c25131df268515131f647d726f50608 - t0: 0x7ceb23fd6bc0add59e62ac25578270cff1b9f619 - t1: 0x2791bca1f2de4661ed88a30c99a7a9449aa84174 - amountIn: 1000000000000000 --- Hash: 0x3ddc5e1f94d717d8cd3e87aba22a2507ec21c1282909357c4d1b532aad0d8b59
2022-02-24T22:03:42.035Z - UNI_ExactInputSingleTrade: Pool: 0x45dda9cb7c25131df268515131f647d726f50608 - t0: 0x7ceb23fd6bc0add59e62ac25578270cff1b9f619 - t1: 0x2791bca1f2de4661ed88a30c99a7a9449aa84174 - amountIn: 1000000000000000 --- Hash: 0x859b821440ff2e4353703287f98c624349a6316c8caac72928ffa85f2ef19af6
2022-02-24T22:05:02.056Z - UNI_ExactInputSingleTrade: Pool: 0x45dda9cb7c25131df268515131f647d726f50608 - t0: 0x7ceb23fd6bc0add59e62ac25578270cff1b9f619 - t1: 0x2791bca1f2de4661ed88a30c99a7a9449aa84174 - amountIn: 1000000000000000 --- Hash: 0x6d57a566431533b5e9d3ea17c5852ff38b4407c2355034178a425300cf25694b
2022-02-24T22:06:03.041Z - UNI_ExactInputSingleTrade: Pool: 0x45dda9cb7c25131df268515131f647d726f50608 - t0: 0x7ceb23fd6bc0add59e62ac25578270cff1b9f619 - t1: 0x2791bca1f2de4661ed88a30c99a7a9449aa84174 - amountIn: 1000000000000000 --- Hash: 0x61c147993ba7d7558bc7d60210ec5f2135848189320f36a2a7b96dad1dbfc884
2022-02-24T22:07:55.564Z - UNI_ExactInputSingleTrade: Pool: 0x45dda9cb7c25131df268515131f647d726f50608 - t0: 0x7ceb23fd6bc0add59e62ac25578270cff1b9f619 - t1: 0x2791bca1f2de4661ed88a30c99a7a9449aa84174 - amountIn: 1000000000000000 --- Hash: 0x9a20643a786b9f381f985e921544953cbd92c7b23c67319745e0dabb3661e15a
2022-02-25T06:39:59.251Z - UNI_ExactInputSingleTrade: Pool: 0x45dda9cb7c25131df268515131f647d726f50608 - t0: 0x7ceb23fd6bc0add59e62ac25578270cff1b9f619 - t1: 0x2791bca1f2de4661ed88a30c99a7a9449aa84174 - amountIn: 500000000000000 --- Hash: 0x71f1452f314b09be9aa3b8d0875913474a290193ea22ed642fca45568d699a59
2022-02-25T06:40:23.908Z - UNI_ExactInputSingleTrade: Pool: 0x45dda9cb7c25131df268515131f647d726f50608 - t0: 0x7ceb23fd6bc0add59e62ac25578270cff1b9f619 - t1: 0x2791bca1f2de4661ed88a30c99a7a9449aa84174 - amountIn: 500000000000000 --- Hash: 0x35a8dcc1ac03a8c1af4a40f6d4fc19a683629216780a42fc252c147c6fe11d42
2022-02-25T06:53:47.720Z - UNI_ExactInputSingleTrade: Pool: 0x45dda9cb7c25131df268515131f647d726f50608 - t0: 0x7ceb23fd6bc0add59e62ac25578270cff1b9f619 - t1: 0x2791bca1f2de4661ed88a30c99a7a9449aa84174 - amountIn: 500000000000000 --- Hash: 0x5fe85819c96851ec2de456c36cae0d0edf6fc59af96fd2e1ffbd93462870dac4
2022-02-25T06:57:08.931Z - UNI_ExactInputSingleTrade: Pool: 0x45dda9cb7c25131df268515131f647d726f50608 - t0: 0x7ceb23fd6bc0add59e62ac25578270cff1b9f619 - t1: 0x2791bca1f2de4661ed88a30c99a7a9449aa84174 - amountIn: 500000000000000 --- Hash: 0x551d214db38aa77e20b19738cd8b2a1b220cc4f56ce42eeaa89b1157fee547ba
2022-02-25T06:59:45.777Z - UNI_ExactInputSingleTrade: Pool: 0x45dda9cb7c25131df268515131f647d726f50608 - t0: 0x7ceb23fd6bc0add59e62ac25578270cff1b9f619 - t1: 0x2791bca1f2de4661ed88a30c99a7a9449aa84174 - amountIn: 500000000000000 --- Hash: 0xb7093517397ee847da439b7bf4384a7de7bea0d2e9edb1d4c171359e43bb24ab
2022-02-25T07:01:13.875Z - UNI_ExactInputSingleTrade: Pool: 0x45dda9cb7c25131df268515131f647d726f50608 - t0: 0x7ceb23fd6bc0add59e62ac25578270cff1b9f619 - t1: 0x2791bca1f2de4661ed88a30c99a7a9449aa84174 - amountIn: 500000000000000 --- Hash: 0x3273beb42acbe114d85765fffb8eee3d825df59b03e12e8d71faa501723f1879
2022-02-25T07:03:45.713Z - UNI_ExactInputSingleTrade: Pool: 0x45dda9cb7c25131df268515131f647d726f50608 - t0: 0x7ceb23fd6bc0add59e62ac25578270cff1b9f619 - t1: 0x2791bca1f2de4661ed88a30c99a7a9449aa84174 - amountIn: 500000000000000 --- Hash: 0x23c2704c7cff7fe2e60a860f01cc01f67a076ffdc2401b49d32abf35580b0a35
2022-02-25T07:04:02.935Z - UNI_ExactInputSingleTrade: Pool: 0x45dda9cb7c25131df268515131f647d726f50608 - t0: 0x7ceb23fd6bc0add59e62ac25578270cff1b9f619 - t1: 0x2791bca1f2de4661ed88a30c99a7a9449aa84174 - amountIn: 500000000000000 --- Hash: 0xded394533fea40dfc36d642a20c60f233e9fe5b01c04885e4bab9c5d8d890405
2022-02-25T07:05:13.128Z - UNI_ExactInputSingleTrade: Pool: 0x45dda9cb7c25131df268515131f647d726f50608 - t0: 0x7ceb23fd6bc0add59e62ac25578270cff1b9f619 - t1: 0x2791bca1f2de4661ed88a30c99a7a9449aa84174 - amountIn: 500000000000000 --- Hash: 0x01c17ddb3bd9abcae07bc43e61e5265c1393dc92e05601b41ba24909a1a92968
2022-02-25T07:05:26.353Z - UNI_ExactInputSingleTrade: Pool: 0x45dda9cb7c25131df268515131f647d726f50608 - t0: 0x7ceb23fd6bc0add59e62ac25578270cff1b9f619 - t1: 0x2791bca1f2de4661ed88a30c99a7a9449aa84174 - amountIn: 500000000000000 --- Hash: 0xdc0e3b09702aabaaa014e6b1b6961b36a6fb3b578ee638963c8f9b63360c225c
2022-02-25T07:58:39.907Z - UNI_ExactInputSingleTrade: Pool: 0x45dda9cb7c25131df268515131f647d726f50608 - t0: 0x7ceb23fd6bc0add59e62ac25578270cff1b9f619 - t1: 0x2791bca1f2de4661ed88a30c99a7a9449aa84174 - amountIn: 500000000000000 --- Hash: 0x3f4dd3a8359cc33eeff9d638fd32deda16eea6a63e89de6de8c0aebcc1040dda
2022-02-25T08:00:18.923Z - UNI_ExactInputSingleTrade: Pool: 0x45dda9cb7c25131df268515131f647d726f50608 - t0: 0x7ceb23fd6bc0add59e62ac25578270cff1b9f619 - t1: 0x2791bca1f2de4661ed88a30c99a7a9449aa84174 - amountIn: 500000000000000 --- Hash: 0x2432a73bebea51ee93095442dbe1cd090ebcba6581874f0aabae055bbfd26e08
2022-02-25T08:02:36.182Z - UNI_ExactInputSingleTrade: Pool: 0x45dda9cb7c25131df268515131f647d726f50608 - t0: 0x7ceb23fd6bc0add59e62ac25578270cff1b9f619 - t1: 0x2791bca1f2de4661ed88a30c99a7a9449aa84174 - amountIn: 500000000000000 --- Hash: 0x3e89c4f0d1520b797be5a39e64e3f34bc5f5ea37a9bdef5f4618519cfc8be373
2022-02-25T08:08:12.720Z - UNI_ExactInputSingleTrade: Pool: 0x45dda9cb7c25131df268515131f647d726f50608 - t0: 0x7ceb23fd6bc0add59e62ac25578270cff1b9f619 - t1: 0x2791bca1f2de4661ed88a30c99a7a9449aa84174 - amountIn: 500000000000000 --- Hash: 0x4e31e2e7296ab8458fdae53ed981595634471ede4b1cf7eb1f5ea6906b56bcf0
2022-02-28T22:08:24.217Z - UNI_AlphaRouterMulticallTrade: Pool: 0x45dda9cb7c25131df268515131f647d726f50608 - t0: 0x2791bca1f2de4661ed88a30c99a7a9449aa84174 - t1: 0x7ceb23fd6bc0add59e62ac25578270cff1b9f619 - amountIn: 1000000 --- Hash: 0x3de04a6596686dd79a071940f6fe0bb915e9ac88336a4f1b1315376bc46673cc
2022-02-28T22:20:03.657Z - UNI_AlphaRouterMulticallTrade: Pool: 0x45dda9cb7c25131df268515131f647d726f50608 - t0: 0x2791bca1f2de4661ed88a30c99a7a9449aa84174 - t1: 0x7ceb23fd6bc0add59e62ac25578270cff1b9f619 - amountIn: 1000000 --- Hash: 0x5d93270b8bc5688b9d834590557b24deed502c1c35e6ee8fa50dafb7f1eba2b7
2022-02-28T22:39:10.854Z - UNI_AlphaRouterMulticallTrade: Pool: 0x45dda9cb7c25131df268515131f647d726f50608 - t0: 0x2791bca1f2de4661ed88a30c99a7a9449aa84174 - t1: 0x7ceb23fd6bc0add59e62ac25578270cff1b9f619 - amountIn: 1 --- Hash: 0x90a9c4e9ec795e14e77602bddc9262ad43dcd16f721a1b45eef6969ef13281c8
2022-02-28T22:41:56.068Z - UNI_ExactInputSingleTrade: Pool: 0x45dda9cb7c25131df268515131f647d726f50608 - t0: 0x7ceb23fd6bc0add59e62ac25578270cff1b9f619 - t1: 0x2791bca1f2de4661ed88a30c99a7a9449aa84174 - amountIn: 0.0005 --- Hash: 0xb5090f44d1af19132a33e466d39fc8d7a0c63c525c9b5498b1a2e664245af595
2022-02-28T22:47:16.387Z - UNI_AlphaRouterMulticallTrade: Pool: 0x45dda9cb7c25131df268515131f647d726f50608 - t0: 0x2791bca1f2de4661ed88a30c99a7a9449aa84174 - t1: 0x7ceb23fd6bc0add59e62ac25578270cff1b9f619 - amountIn: 1 --- Hash: 0xddce3e8d1cd528b552dfccbaaf80f68bcb82eb90f006f8b30a4fb3e0856a2de6
2022-02-28T22:51:04.889Z - UNI_AlphaRouterMulticallTrade: Pool: 0x45dda9cb7c25131df268515131f647d726f50608 - t0: 0x2791bca1f2de4661ed88a30c99a7a9449aa84174 - t1: 0x7ceb23fd6bc0add59e62ac25578270cff1b9f619 - amountIn: 1 --- Hash: 0xf1c31890a1c3a04a0ce09e3ff3afd2c399e59308478c428caa9631fec59799e6
2022-03-03T11:23:34.699Z - UNI_ExactInputSingleTrade: Pool: 0x45dda9cb7c25131df268515131f647d726f50608 - t0: 0x7ceb23fd6bc0add59e62ac25578270cff1b9f619 - t1: 0x2791bca1f2de4661ed88a30c99a7a9449aa84174 - amountIn: 0.0005 --- Hash: 0x9eb4a5e4b6ba64a2464d75ef8b7c54dbb1921db780950fa3ecdcd6879d48e1e5
2022-03-03T11:26:02.221Z - UNI_AlphaRouterMulticallTrade: Pool: 0x45dda9cb7c25131df268515131f647d726f50608 - t0: 0x2791bca1f2de4661ed88a30c99a7a9449aa84174 - t1: 0x7ceb23fd6bc0add59e62ac25578270cff1b9f619 - amountIn: 1 --- Hash: undefined
2022-03-03T11:28:26.231Z - UNI_AlphaRouterMulticallTrade: Pool: 0x45dda9cb7c25131df268515131f647d726f50608 - t0: 0x2791bca1f2de4661ed88a30c99a7a9449aa84174 - t1: 0x7ceb23fd6bc0add59e62ac25578270cff1b9f619 - amountIn: 1 --- Hash: 0xf6d561a985c5eb7ebf38afe839432f0523333ba6451f40839bfe6d925c0a5cf6
2022-03-03T11:45:10.038Z - UNI_UncheckedTrade: Pool: 0x45dda9cb7c25131df268515131f647d726f50608 - t0: 0x7ceb23fd6bc0add59e62ac25578270cff1b9f619 - t1: 0x2791bca1f2de4661ed88a30c99a7a9449aa84174 - amountIn: 0.0005 --- Hash: 0x02e086a6edb462d3e1bda6cecd83d18a3a51861155b34568d7fb6369ed469aeb
2022-03-03T11:46:04.677Z - UNI_UncheckedTrade: Pool: 0x45dda9cb7c25131df268515131f647d726f50608 - t0: 0x7ceb23fd6bc0add59e62ac25578270cff1b9f619 - t1: 0x2791bca1f2de4661ed88a30c99a7a9449aa84174 - amountIn: 0.0005 --- Hash: 0x3d936c77feaa2090e712cdc0eb698fccd7d7d160d8dddb571e4c0ede173d69bc
2022-03-03T11:47:13.699Z - UNI_UncheckedTrade: Pool: 0x45dda9cb7c25131df268515131f647d726f50608 - t0: 0x2791bca1f2de4661ed88a30c99a7a9449aa84174 - t1: 0x7ceb23fd6bc0add59e62ac25578270cff1b9f619 - amountIn: 1 --- Hash: 0x54d9ed6d045e6099dcaad6a8f33007ab4469b9c62b43a1491c5719d6eba7c8ba
2022-03-03T11:48:11.180Z - UNI_UncheckedTrade: Pool: 0x45dda9cb7c25131df268515131f647d726f50608 - t0: 0x2791bca1f2de4661ed88a30c99a7a9449aa84174 - t1: 0x7ceb23fd6bc0add59e62ac25578270cff1b9f619 - amountIn: 1 --- Hash: 0xea5fb30e01afd8b81c7407bbd7b920fa1efa19d1e309c889445c131ea52d9fb7
2022-03-03T11:49:16.366Z - UNI_UncheckedTrade: Pool: 0x45dda9cb7c25131df268515131f647d726f50608 - t0: 0x7ceb23fd6bc0add59e62ac25578270cff1b9f619 - t1: 0x2791bca1f2de4661ed88a30c99a7a9449aa84174 - amountIn: 0.0005 --- Hash: 0xd5b8ca0292125ddaa2d305e6ac413761d074dbb3bd5e26628df7a1ae7bffd412
2022-03-03T11:51:28.481Z - UNI_ExactInputSingleTrade: Pool: 0x45dda9cb7c25131df268515131f647d726f50608 - t0: 0x7ceb23fd6bc0add59e62ac25578270cff1b9f619 - t1: 0x2791bca1f2de4661ed88a30c99a7a9449aa84174 - amountIn: 0.0005 --- Hash: 0x953881f8bb685cf3d3392864634308bf1b85638feb5d5c5caf0afa07579200f5
2022-03-03T11:52:28.599Z - UNI_AlphaRouterMulticallTrade: Pool: 0x45dda9cb7c25131df268515131f647d726f50608 - t0: 0x2791bca1f2de4661ed88a30c99a7a9449aa84174 - t1: 0x7ceb23fd6bc0add59e62ac25578270cff1b9f619 - amountIn: 1 --- Hash: 0x0f15d812e1458dddb6ec36eba1bd4a0c8b5eeed0ba07b3c373dec11447be3e48
2022-03-03T12:08:12.606Z - UNI_ExactInputSingleTrade: Pool: 0x45dda9cb7c25131df268515131f647d726f50608 - t0: 0x7ceb23fd6bc0add59e62ac25578270cff1b9f619 - t1: 0x2791bca1f2de4661ed88a30c99a7a9449aa84174 - amountIn: 0.0005 --- Hash: 0xfd9446cee12095625a344a9f2f3a5d24cd93a4978c57ac5e558c735dc8fa874c
2022-03-03T12:08:46.432Z - UNI_UncheckedTrade: Pool: 0x45dda9cb7c25131df268515131f647d726f50608 - t0: 0x7ceb23fd6bc0add59e62ac25578270cff1b9f619 - t1: 0x2791bca1f2de4661ed88a30c99a7a9449aa84174 - amountIn: 0.0005 --- Hash: 0xd1cee336b1089859ce69473ead5276271c874785d38f2c1274b24bacc447ed2e
2022-03-03T12:11:51.370Z - UNI_ExactInputSingleTrade: Pool: 0x45dda9cb7c25131df268515131f647d726f50608 - t0: 0x7ceb23fd6bc0add59e62ac25578270cff1b9f619 - t1: 0x2791bca1f2de4661ed88a30c99a7a9449aa84174 - amountIn: 0.0005 --- Hash: 0x8ae46388a81240f8a8d875cc33b943b7ed7e1e990f43d70cf2834839616842f3
2022-03-03T12:12:45.883Z - UNI_AlphaRouterMulticallTrade: Pool: 0x45dda9cb7c25131df268515131f647d726f50608 - t0: 0x2791bca1f2de4661ed88a30c99a7a9449aa84174 - t1: 0x7ceb23fd6bc0add59e62ac25578270cff1b9f619 - amountIn: 1 --- Hash: 0x4658f0a1fa844881614944e7209eef6eaee77fdd18224f3e9a052c2d8146ea2a
2022-03-03T12:14:50.636Z - UNI_UncheckedTrade: Pool: 0x45dda9cb7c25131df268515131f647d726f50608 - t0: 0x7ceb23fd6bc0add59e62ac25578270cff1b9f619 - t1: 0x2791bca1f2de4661ed88a30c99a7a9449aa84174 - amountIn: 0.0005 --- Hash: 0xe768dde912fbbd69027e9040f9204910f7902b30b74c3769d0faf4a7013200b0
2022-03-03T12:26:12.980Z - UNI_ExactInputSingleTrade: Pool: 0x45dda9cb7c25131df268515131f647d726f50608 - t0: 0x7ceb23fd6bc0add59e62ac25578270cff1b9f619 - t1: 0x2791bca1f2de4661ed88a30c99a7a9449aa84174 - amountIn: 0.0005 --- Hash: 0x7729c8ef35fa9c7adc290a0bf41a46d4da5ed35b4617db2db59a7f9ec2c8ef15
2022-03-03T12:28:45.419Z - UNI_ExactInputSingleTrade: Pool: 0x45dda9cb7c25131df268515131f647d726f50608 - t0: 0x7ceb23fd6bc0add59e62ac25578270cff1b9f619 - t1: 0x2791bca1f2de4661ed88a30c99a7a9449aa84174 - amountIn: 0.0005 --- Hash: 0xb5bdd4ca55ddbb2c67c760858b2b868a4961171a9e4d0fb68ef917f05b021c65
2022-03-03T12:34:38.409Z - UNI_ExactInputSingleTrade: Pool: 0x45dda9cb7c25131df268515131f647d726f50608 - t0: 0x7ceb23fd6bc0add59e62ac25578270cff1b9f619 - t1: 0x2791bca1f2de4661ed88a30c99a7a9449aa84174 - amountIn: 0.0005 --- Hash: 0xdb8e3f5e0d0b72dbe5e7e8b631ab761c2149e6dc46a00a8ef0ae6cc5846756a9
2022-03-03T12:34:57.392Z - UNI_UncheckedTrade: Pool: 0x45dda9cb7c25131df268515131f647d726f50608 - t0: 0x7ceb23fd6bc0add59e62ac25578270cff1b9f619 - t1: 0x2791bca1f2de4661ed88a30c99a7a9449aa84174 - amountIn: 0.0005 --- Hash: 0x2e816eb4f7c17a86257b3fdac8d02067b6ccca090d858bd18d4ad37876cc4bcd
2022-03-03T12:35:14.882Z - UNI_AlphaRouterMulticallTrade: Pool: 0x45dda9cb7c25131df268515131f647d726f50608 - t0: 0x2791bca1f2de4661ed88a30c99a7a9449aa84174 - t1: 0x7ceb23fd6bc0add59e62ac25578270cff1b9f619 - amountIn: 1 --- Hash: 0xa7b385d35caf1e6454eb4f768d2ff3290e0c6f7eb9e910cfc30ae5b36d432c7c
2022-03-03T12:35:46.124Z - UNI_ExactInputSingleTrade: Pool: 0x45dda9cb7c25131df268515131f647d726f50608 - t0: 0x7ceb23fd6bc0add59e62ac25578270cff1b9f619 - t1: 0x2791bca1f2de4661ed88a30c99a7a9449aa84174 - amountIn: 0.0005 --- Hash: 0xbf70f4488fa823feaccb5f63bf59b0a440b01d7addf898647d75277b48269ba6
2022-03-03T12:35:58.472Z - UNI_UncheckedTrade: Pool: 0x45dda9cb7c25131df268515131f647d726f50608 - t0: 0x7ceb23fd6bc0add59e62ac25578270cff1b9f619 - t1: 0x2791bca1f2de4661ed88a30c99a7a9449aa84174 - amountIn: 0.0005 --- Hash: 0xf67d693bd58899f7423821bbe8bdabcf29b2271eb25a081b748e46b7da0c163d
2022-03-03T12:36:15.446Z - UNI_AlphaRouterMulticallTrade: Pool: 0x45dda9cb7c25131df268515131f647d726f50608 - t0: 0x2791bca1f2de4661ed88a30c99a7a9449aa84174 - t1: 0x7ceb23fd6bc0add59e62ac25578270cff1b9f619 - amountIn: 1 --- Hash: 0xb0ad4564ab5998e9d851edeaabe8a1c78610baef4dae5316e33d9339c591a59b
2022-03-03T12:56:34.729Z - UNI_ExactInputSingleTrade: Pool: 0x45dda9cb7c25131df268515131f647d726f50608 - t0: 0x7ceb23fd6bc0add59e62ac25578270cff1b9f619 - t1: 0x2791bca1f2de4661ed88a30c99a7a9449aa84174 - amountIn: 0.0005 --- Hash: 0x2b03b26e27a5abe166766b1bead1460a3a54656ba785ed707832a615cb68e8ec
2022-03-03T12:56:43.562Z - UNI_UncheckedTrade: Pool: 0x45dda9cb7c25131df268515131f647d726f50608 - t0: 0x7ceb23fd6bc0add59e62ac25578270cff1b9f619 - t1: 0x2791bca1f2de4661ed88a30c99a7a9449aa84174 - amountIn: 0.0005 --- Hash: 0xdd58a11562480c6e9affb045074660e817792e5bdb40bd376323507012ff5e2f
2022-03-03T16:00:44.927Z - UNI_ExactInputSingleTrade: Pool: 0x45dda9cb7c25131df268515131f647d726f50608 - t0: 0x7ceb23fd6bc0add59e62ac25578270cff1b9f619 - t1: 0x2791bca1f2de4661ed88a30c99a7a9449aa84174 - amountIn: 0.0005 --- Hash: 0xb3494ef20415e5b73bb4684d1ddcc2b47db4af1034d60abe474cd64f1bee9443
2022-03-03T16:08:19.092Z - UNI_AlphaRouterMulticallTrade: Pool: 0x45dda9cb7c25131df268515131f647d726f50608 - t0: 0x2791bca1f2de4661ed88a30c99a7a9449aa84174 - t1: 0x7ceb23fd6bc0add59e62ac25578270cff1b9f619 - amountIn: 1 --- Hash: 0x28a60fa5594d4cf3814e47a89358b1853f9300bfc455cd5596aa7fb956842c82
2022-03-03T16:17:03.634Z - UNI_AlphaRouterMulticallTrade: Pool: 0x45dda9cb7c25131df268515131f647d726f50608 - t0: 0x2791bca1f2de4661ed88a30c99a7a9449aa84174 - t1: 0x7ceb23fd6bc0add59e62ac25578270cff1b9f619 - amountIn: 1 --- Hash: 0xeda3d32f410d37ec630b099362e1c268dfe1d032ff2d19f1555092eeb1931096
2022-03-03T16:21:02.761Z - UNI_AlphaRouterMulticallTrade: Pool: 0x45dda9cb7c25131df268515131f647d726f50608 - t0: 0x2791bca1f2de4661ed88a30c99a7a9449aa84174 - t1: 0x7ceb23fd6bc0add59e62ac25578270cff1b9f619 - amountIn: 1 --- Hash: 0x3cf91972eb01358a64203f248c2e361e11f9ba2d13e807ddc13703e55d3393f9
2022-03-03T16:29:38.324Z - UNI_AlphaRouterMulticallTrade: Pool: 0x45dda9cb7c25131df268515131f647d726f50608 - t0: 0x2791bca1f2de4661ed88a30c99a7a9449aa84174 - t1: 0x7ceb23fd6bc0add59e62ac25578270cff1b9f619 - amountIn: 1 --- Hash: 0x40af2145efb5c4cbbebb691b0cdf8e8544fc8d1452e405978cff7ea16240feb5
2022-03-03T16:35:26.685Z - UNI_AlphaRouterMulticallTrade: Pool: 0x45dda9cb7c25131df268515131f647d726f50608 - t0: 0x2791bca1f2de4661ed88a30c99a7a9449aa84174 - t1: 0x7ceb23fd6bc0add59e62ac25578270cff1b9f619 - amountIn: 1 --- Hash: 0x0d40245862baa3e687c0376d2b69703382e7071cc3f8ebd4272920f9496b53c5
2022-03-03T19:22:45.586Z - UNI_ExactInputSingleTrade: Pool: 0x45dda9cb7c25131df268515131f647d726f50608 - t0: 0x7ceb23fd6bc0add59e62ac25578270cff1b9f619 - t1: 0x2791bca1f2de4661ed88a30c99a7a9449aa84174 - amountIn: 0.0005 --- Hash: 0x8de566a19bf9de7b0449f2ac7d5de3a9b2d51da0ce5f81939172279cb2c787fa
2022-03-03T19:22:53.753Z - UNI_ExactInputSingleTrade: Pool: 0x45dda9cb7c25131df268515131f647d726f50608 - t0: 0x2791bca1f2de4661ed88a30c99a7a9449aa84174 - t1: 0x7ceb23fd6bc0add59e62ac25578270cff1b9f619 - amountIn: 1 --- Hash: 0x3d83eb62c296b8e859000e7f279b7adf773f9dc3950d61bb7c99a46b4fe6faa9
2022-03-03T19:44:37.736Z - UNI_ExactInputSingleTrade: Pool: 0x45dda9cb7c25131df268515131f647d726f50608 - t0: 0x7ceb23fd6bc0add59e62ac25578270cff1b9f619 - t1: 0x2791bca1f2de4661ed88a30c99a7a9449aa84174 - amountIn: 0.0005 --- Hash: 0x9678d0337df9e1608481020c825391ec2037370a3d01e7c07f1624516fbd8351
2022-03-03T19:44:59.795Z - UNI_ExactInputSingleTrade: Pool: 0x45dda9cb7c25131df268515131f647d726f50608 - t0: 0x2791bca1f2de4661ed88a30c99a7a9449aa84174 - t1: 0x7ceb23fd6bc0add59e62ac25578270cff1b9f619 - amountIn: 1 --- Hash: 0x2a57defe4d04659a731911a5a9189d2d36cbf9e72e653d47cb9155b5661a4b03
2022-03-03T19:50:56.361Z - UNI_ExactInputSingleTrade: Pool: 0x45dda9cb7c25131df268515131f647d726f50608 - t0: 0x7ceb23fd6bc0add59e62ac25578270cff1b9f619 - t1: 0x2791bca1f2de4661ed88a30c99a7a9449aa84174 - amountIn: 0.0005 --- Hash: 0x75c48ebf8619fc50a86564ff4949845ea44c6c068ff65174895d262d263c8a55
2022-03-03T19:51:14.460Z - UNI_ExactInputSingleTrade: Pool: 0x45dda9cb7c25131df268515131f647d726f50608 - t0: 0x2791bca1f2de4661ed88a30c99a7a9449aa84174 - t1: 0x7ceb23fd6bc0add59e62ac25578270cff1b9f619 - amountIn: 1 --- Hash: 0x1e8cd3f996fc2441ce9278d35595d8f74f1712cd386fef30f5dbe9b0af2966ff
2022-03-03T20:17:18.823Z - UNI_AlphaRouterMulticallTrade: Pool: 0x45dda9cb7c25131df268515131f647d726f50608 - t0: 0x7ceb23fd6bc0add59e62ac25578270cff1b9f619 - t1: 0x2791bca1f2de4661ed88a30c99a7a9449aa84174 - amountIn: 0.0005 --- Hash: 0x33242da1785788a6bfbdaf10afedbaac9571cfcbf40a193c64ba75c161f866fd
2022-03-03T20:21:27.301Z - UNI_ExactInputSingleTrade: Pool: 0x45dda9cb7c25131df268515131f647d726f50608 - t0: 0x2791bca1f2de4661ed88a30c99a7a9449aa84174 - t1: 0x7ceb23fd6bc0add59e62ac25578270cff1b9f619 - amountIn: 1 --- Hash: 0x453d9ba8f6602d31faf2c815370e13fe1e023106c6388018a5640b7bf1dc33bc
2022-03-04T06:10:08.670Z - UNI_ExactInputSingleTrade: Pool: 0x45dda9cb7c25131df268515131f647d726f50608 - t0: 0x7ceb23fd6bc0add59e62ac25578270cff1b9f619 - t1: 0x2791bca1f2de4661ed88a30c99a7a9449aa84174 - amountIn: 0.0005 --- Hash: 0xbc4c7d541dd292710c629023ba6ebc8e3f889d3f941c77bc1c85ba087348288f
2022-03-04T06:12:48.123Z - UNI_ExactInputSingleTrade: Pool: 0x45dda9cb7c25131df268515131f647d726f50608 - t0: 0x7ceb23fd6bc0add59e62ac25578270cff1b9f619 - t1: 0x2791bca1f2de4661ed88a30c99a7a9449aa84174 - amountIn: 0.0005 --- Hash: 0xf89ed0fcbff0993c213a152e5da58b9c2bc9078c72f9f68993927847eeef5b14
2022-03-04T06:13:07.549Z - UNI_ExactInputSingleTrade: Pool: 0x45dda9cb7c25131df268515131f647d726f50608 - t0: 0x2791bca1f2de4661ed88a30c99a7a9449aa84174 - t1: 0x7ceb23fd6bc0add59e62ac25578270cff1b9f619 - amountIn: 1 --- Hash: 0x930f8c828968690866281875c68f11e53693d00eea55b63c88641d485c9e2b02
2022-03-04T06:14:01.932Z - UNI_ExactInputSingleTrade: Pool: 0x45dda9cb7c25131df268515131f647d726f50608 - t0: 0x7ceb23fd6bc0add59e62ac25578270cff1b9f619 - t1: 0x2791bca1f2de4661ed88a30c99a7a9449aa84174 - amountIn: 0.0005 --- Hash: 0xbc143d5eaedd3330bd092446894bdb30cd0a94224e1ea3dc491d72088e192dee
2022-03-04T06:14:24.086Z - UNI_ExactInputSingleTrade: Pool: 0x45dda9cb7c25131df268515131f647d726f50608 - t0: 0x2791bca1f2de4661ed88a30c99a7a9449aa84174 - t1: 0x7ceb23fd6bc0add59e62ac25578270cff1b9f619 - amountIn: 1 --- Hash: 0xca82828c9d353ad22f5fbfe6a05d4dbecd305a3c9cbfb095226847ebeffd84a5
2022-03-04T06:16:41.359Z - UNI_AlphaRouterMulticallTrade: Pool: 0x45dda9cb7c25131df268515131f647d726f50608 - t0: 0x2791bca1f2de4661ed88a30c99a7a9449aa84174 - t1: 0x7ceb23fd6bc0add59e62ac25578270cff1b9f619 - amountIn: 1 --- Hash: 0xa68aa1bcb4d876098e4fdc1775e3232db2d51e88feb2ef97593ea457a0472920
2022-03-04T06:17:45.733Z - UNI_ExactInputSingleTrade: Pool: 0x45dda9cb7c25131df268515131f647d726f50608 - t0: 0x7ceb23fd6bc0add59e62ac25578270cff1b9f619 - t1: 0x2791bca1f2de4661ed88a30c99a7a9449aa84174 - amountIn: 0.0005 --- Hash: 0xee86761b6adddfdf5823eea161ba9c77aa4796f119541a57d2873a04fed321a1
2022-03-04T06:18:07.837Z - UNI_ExactInputSingleTrade: Pool: 0x45dda9cb7c25131df268515131f647d726f50608 - t0: 0x2791bca1f2de4661ed88a30c99a7a9449aa84174 - t1: 0x7ceb23fd6bc0add59e62ac25578270cff1b9f619 - amountIn: 1 --- Hash: 0x9ba88d3d7fede9752cd6d7337f00e8c5e1379b0e375ed803d6a9471dfd60c39e
2022-03-04T06:24:55.812Z - UNI_ExactInputSingleTrade: Pool: 0x45dda9cb7c25131df268515131f647d726f50608 - t0: 0x7ceb23fd6bc0add59e62ac25578270cff1b9f619 - t1: 0x2791bca1f2de4661ed88a30c99a7a9449aa84174 - amountIn: 0.0005 --- Hash: 0xbd7f7b1b86b091e2717fa49e182163e1b4b98588672a38ac119a925050358c33
2022-03-04T06:25:30.410Z - UNI_ExactInputSingleTrade: Pool: 0x45dda9cb7c25131df268515131f647d726f50608 - t0: 0x2791bca1f2de4661ed88a30c99a7a9449aa84174 - t1: 0x7ceb23fd6bc0add59e62ac25578270cff1b9f619 - amountIn: 1 --- Hash: 0x0e1e8983617715a7bdc1f2f1560784631bc3eb73ba140fb13242eeb1cd575e56
2022-03-04T06:26:55.313Z - UNI_AlphaRouterMulticallTrade: Pool: 0x45dda9cb7c25131df268515131f647d726f50608 - t0: 0x2791bca1f2de4661ed88a30c99a7a9449aa84174 - t1: 0x7ceb23fd6bc0add59e62ac25578270cff1b9f619 - amountIn: 1 --- Hash: 0x37a7e59ecea3ebc6fdd4df7f43da1b8d965398e6750979924a32b476ede0e6f8
2022-03-04T06:40:22.314Z - UNI_ExactInputSingleTrade: Pool: 0x45dda9cb7c25131df268515131f647d726f50608 - t0: 0x2791bca1f2de4661ed88a30c99a7a9449aa84174 - t1: 0x7ceb23fd6bc0add59e62ac25578270cff1b9f619 - amountIn: 1 --- Hash: 0x94108b51540059bb5bf9b95e5ecc9177ff52089356ad02c9e810e2bef3065982
2022-03-04T06:43:10.043Z - UNI_ExactInputSingleTrade: Pool: 0x45dda9cb7c25131df268515131f647d726f50608 - t0: 0x2791bca1f2de4661ed88a30c99a7a9449aa84174 - t1: 0x7ceb23fd6bc0add59e62ac25578270cff1b9f619 - amountIn: 1 --- Hash: 0x00b21a5f24471c7b150d79b91e1837647b47df7804f5e720e62ee4acf8d4010f
2022-03-04T06:47:45.925Z - UNI_ExactInputSingleTrade: Pool: 0x45dda9cb7c25131df268515131f647d726f50608 - t0: 0x2791bca1f2de4661ed88a30c99a7a9449aa84174 - t1: 0x7ceb23fd6bc0add59e62ac25578270cff1b9f619 - amountIn: 1 --- Hash: 0x2e44c2e760a6eaa74d103f9e8663bc0b210f78da6b73ac08deb48c7c5a71267d
2022-03-04T08:16:00.908Z - UNI_ExactInputSingleTrade: Pool: 0x45dda9cb7c25131df268515131f647d726f50608 - t0: 0x2791bca1f2de4661ed88a30c99a7a9449aa84174 - t1: 0x7ceb23fd6bc0add59e62ac25578270cff1b9f619 - amountIn: 1 --- Hash: 0x9887e53cd2b70f5f272bbd7388e5dc6a3c80838d8cb2bd96e93ff930c23c9453
2022-03-04T08:23:15.360Z - UNI_ExactInputSingleTrade: Pool: 0x45dda9cb7c25131df268515131f647d726f50608 - t0: 0x2791bca1f2de4661ed88a30c99a7a9449aa84174 - t1: 0x7ceb23fd6bc0add59e62ac25578270cff1b9f619 - amountIn: 1 --- Hash: 0x93888cedaf7868dd908f56202c38473b6c874727bf7731242fa843933c70a9b9
2022-03-04T08:30:20.645Z - UNI_ExactInputSingleTrade: Pool: 0x45dda9cb7c25131df268515131f647d726f50608 - t0: 0x2791bca1f2de4661ed88a30c99a7a9449aa84174 - t1: 0x7ceb23fd6bc0add59e62ac25578270cff1b9f619 - amountIn: 1 --- Hash: 0x35f565407f767424e42c2daa9f5ec023501e2a84a5b97c5e08f911fb69cbf129
2022-03-04T08:35:43.835Z - UNI_ExactInputSingleTrade: Pool: 0x45dda9cb7c25131df268515131f647d726f50608 - t0: 0x2791bca1f2de4661ed88a30c99a7a9449aa84174 - t1: 0x7ceb23fd6bc0add59e62ac25578270cff1b9f619 - amountIn: 1 --- Hash: 0x21119ec829fa5bf01f1c1d4546448e3128003903a186f9f2a177c0c36a563327
2022-03-04T08:37:42.103Z - UNI_AlphaRouterMulticallTrade: Pool: 0x45dda9cb7c25131df268515131f647d726f50608 - t0: 0x2791bca1f2de4661ed88a30c99a7a9449aa84174 - t1: 0x7ceb23fd6bc0add59e62ac25578270cff1b9f619 - amountIn: 1 --- Hash: 0xf981b8e1f1c505c3c6b88c9608e65162d7a71a760f04f6f855c325dddc897303
2022-03-05T19:03:28.606Z - ExecuteQSSushiTrade: Pool: 0x853ee4b2a13f8a742d64c8f088be7ba2131f670d - t0: 0x2791bca1f2de4661ed88a30c99a7a9449aa84174 - t1: 0x7ceb23fd6bc0add59e62ac25578270cff1b9f619 - amountIn: 1 --- Hash: 0xfa7f69d24bb8fe2a99c4b7799f9098d699615aa5b7879b54fad18ab8f3fabd1a
2022-03-05T19:17:26.606Z - ApproveTokenForDex: matic - Quickswap - 0x2791bca1f2de4661ed88a30c99a7a9449aa84174 --- Hash: 0xbe7f55b1f79eeab17408c314eca377911c6b20a2c9500715f70b2af79151f0f8
2022-03-05T19:20:49.669Z - ExecuteQSSushiTrade: Pool: 0x853ee4b2a13f8a742d64c8f088be7ba2131f670d - t0: 0x2791bca1f2de4661ed88a30c99a7a9449aa84174 - t1: 0x7ceb23fd6bc0add59e62ac25578270cff1b9f619 - amountIn: 1 --- Hash: 0xb632ec54d60e5005247b73ea0c53a851be5ca01a28782675bdbff9574b4c9e62
2022-03-05T19:28:45.662Z - ExecuteQSSushiTrade: Pool: 0x853ee4b2a13f8a742d64c8f088be7ba2131f670d - t0: 0x7ceb23fd6bc0add59e62ac25578270cff1b9f619 - t1: 0x2791bca1f2de4661ed88a30c99a7a9449aa84174 - amount: 0.0005 --- Hash: 0xdbe708720f3dee2b8dffa0cae1c51eb9ccbc0949b97f0d804aab2c72cbf63c78
2022-03-05T19:29:31.462Z - ExecuteQSSushiTrade: Pool: 0x853ee4b2a13f8a742d64c8f088be7ba2131f670d - t0: 0x2791bca1f2de4661ed88a30c99a7a9449aa84174 - t1: 0x7ceb23fd6bc0add59e62ac25578270cff1b9f619 - amount: 1 --- Hash: 0x3cf236740e3446320fec87051a312fd182936f9e1036e1d0fa3a627d08f48c53
2022-03-05T21:54:09.708Z - ExecuteQSSushiTrade: Pool: 0x853ee4b2a13f8a742d64c8f088be7ba2131f670d - t0: 0x2791bca1f2de4661ed88a30c99a7a9449aa84174 - t1: 0x7ceb23fd6bc0add59e62ac25578270cff1b9f619 - amount: 1 --- Hash: 0x564a55db6301828e6bf5e68a28c51d95f1ad7791831d0e54346ad708265cc295
2022-03-05T21:57:47.228Z - ExecuteQSSushiTrade: Pool: 0x853ee4b2a13f8a742d64c8f088be7ba2131f670d - t0: 0x2791bca1f2de4661ed88a30c99a7a9449aa84174 - t1: 0x7ceb23fd6bc0add59e62ac25578270cff1b9f619 - amount: 1 --- Hash: 0x33561ad7ddfcdcb234a1275b0373856e7870823727a65272deaf6be09c3a7952
2022-03-05T22:06:50.154Z - ApproveTokenForDex: matic - Sushiswap - 0x2791bca1f2de4661ed88a30c99a7a9449aa84174 --- Hash: 0x121c73372f7608391978aab2582263045538695980cc47499095d76f9957213d
2022-03-05T22:08:59.266Z - ExecuteQSSushiTrade: Pool: 0x853ee4b2a13f8a742d64c8f088be7ba2131f670d - t0: 0x2791bca1f2de4661ed88a30c99a7a9449aa84174 - t1: 0x7ceb23fd6bc0add59e62ac25578270cff1b9f619 - amount: 1 --- Hash: 0x66d020c2d0ac51f73bd6ea8866bee1bb55ea0b0323edad7ae40cc870bf14f9e7
2022-03-05T22:23:05.986Z - ExecuteQSSushiTrade: Pool: 0x853ee4b2a13f8a742d64c8f088be7ba2131f670d - t0: 0x7ceb23fd6bc0add59e62ac25578270cff1b9f619 - t1: 0x2791bca1f2de4661ed88a30c99a7a9449aa84174 - amount: 0.0005 --- Hash: 0x2461d67ccf93c1fd1e4c39324b1ced486c4935a8dce5f1492cbacfa3f4db4908
2022-03-05T22:26:00.613Z - ExecuteQSSushiTrade: Pool: 0x853ee4b2a13f8a742d64c8f088be7ba2131f670d - t0: 0x7ceb23fd6bc0add59e62ac25578270cff1b9f619 - t1: 0x2791bca1f2de4661ed88a30c99a7a9449aa84174 - amount: 0.0005 --- Hash: 0x944501eb37e914a2639873c149c18749745afa09f1c5a8c49d5b1d1a91edc270
2022-03-05T22:29:54.127Z - ApproveTokenForDex: matic - Sushiswap - 0x7ceb23fd6bc0add59e62ac25578270cff1b9f619 --- Hash: 0xe46c9de866426ea6613b502db3d91db20b9a4c6749dcea218598ee27da7d7eaf
2022-03-05T22:30:36.010Z - ExecuteQSSushiTrade: Pool: 0x853ee4b2a13f8a742d64c8f088be7ba2131f670d - t0: 0x7ceb23fd6bc0add59e62ac25578270cff1b9f619 - t1: 0x2791bca1f2de4661ed88a30c99a7a9449aa84174 - amount: 0.0005 --- Hash: 0xbad9330d7aff639cdb2301cba2f2521d5d9fc65078411102b0d01c754325d025
2022-03-05T22:40:13.137Z - ExecuteQSSushiTrade: Pool: 0x853ee4b2a13f8a742d64c8f088be7ba2131f670d - t0: 0x2791bca1f2de4661ed88a30c99a7a9449aa84174 - t1: 0x7ceb23fd6bc0add59e62ac25578270cff1b9f619 - amount: 1 --- Hash: 0x4fd138be8985d924d3554b401d7fcd0807fc405b5e4daec1310c38dc03eb5379
2022-03-05T22:40:19.695Z - ExecuteQSSushiTrade: Pool: 0x853ee4b2a13f8a742d64c8f088be7ba2131f670d - t0: 0x7ceb23fd6bc0add59e62ac25578270cff1b9f619 - t1: 0x2791bca1f2de4661ed88a30c99a7a9449aa84174 - amount: 0.0005 --- Hash: 0x0724a8495899c8d48f8ed135b322bf741d454a92dca37eac0ca575b31baab020
